# JRE version: Java(TM) SE Runtime Environment (8.0_131-b11) (build 1.8.0_131-b11)
# Java VM: Java HotSpot(TM) 64-Bit Server VM (25.131-b11 mixed mode windows-amd64 compressed oops)
Heap:
 PSYoungGen      total 24576K, used 16672K [0x00000000d5e00000, 0x00000000d7e80000, 0x0000000100000000)
  eden space 24064K, 67% used [0x00000000d5e00000,0x00000000d6df81b8,0x00000000d7580000)
  from space 512K, 62% used [0x00000000d7580000,0x00000000d75d0020,0x00000000d7600000)
  to   space 4608K, 0% used [0x00000000d7a00000,0x00000000d7a00000,0x00000000d7e80000)
 ParOldGen       total 87552K, used 9980K [0x0000000081a00000, 0x0000000086f80000, 0x00000000d5e00000)
  object space 87552K, 11% used [0x0000000081a00000,0x00000000823bf3f8,0x0000000086f80000)
 Metaspace       used 15125K, capacity 15546K, committed 15872K, reserved 1062912K
  class space    used 1774K, capacity 1933K, committed 2048K, reserved 1048576K
GC Heap History (10 events):
Event: 1246.946 GC heap before
{Heap before GC invocations=23 (full 0):
 PSYoungGen      total 29696K, used 24384K [0x00000000d5e00000, 0x00000000d8180000, 0x0000000100000000)
  eden space 24064K, 100% used [0x00000000d5e00000,0x00000000d7580000,0x00000000d7580000)
  from space 5632K, 5% used [0x00000000d7c00000,0x00000000d7c50020,0x00000000d8180000)
  to   space 6144K, 0% used [0x00000000d7580000,0x00000000d7580000,0x00000000d7b80000)
 ParOldGen       total 87552K, used 9372K [0x0000000081a00000, 0x0000000086f80000, 0x00000000d5e00000)
  object space 87552K, 10% used [0x0000000081a00000,0x0000000082327248,0x0000000086f80000)
 Metaspace       used 15091K, capacity 15478K, committed 15616K, reserved 1062912K
  class space    used 1774K, capacity 1933K, committed 2048K, reserved 1048576K
Event: 1246.947 GC heap after
Heap after GC invocations=23 (full 0):
 PSYoungGen      total 24576K, used 288K [0x00000000d5e00000, 0x00000000d8080000, 0x0000000100000000)
  eden space 24064K, 0% used [0x00000000d5e00000,0x00000000d5e00000,0x00000000d7580000)
  from space 512K, 56% used [0x00000000d7580000,0x00000000d75c8020,0x00000000d7600000)
  to   space 5632K, 0% used [0x00000000d7b00000,0x00000000d7b00000,0x00000000d8080000)
 ParOldGen       total 87552K, used 9500K [0x0000000081a00000, 0x0000000086f80000, 0x00000000d5e00000)
  object space 87552K, 10% used [0x0000000081a00000,0x00000000823472a8,0x0000000086f80000)
 Metaspace       used 15091K, capacity 15478K, committed 15616K, reserved 1062912K
  class space    used 1774K, capacity 1933K, committed 2048K, reserved 1048576K
}
Event: 1297.289 GC heap before
{Heap before GC invocations=24 (full 0):
 PSYoungGen      total 24576K, used 24352K [0x00000000d5e00000, 0x00000000d8080000, 0x0000000100000000)
  eden space 24064K, 100% used [0x00000000d5e00000,0x00000000d7580000,0x00000000d7580000)
  from space 512K, 56% used [0x00000000d7580000,0x00000000d75c8020,0x00000000d7600000)
  to   space 5632K, 0% used [0x00000000d7b00000,0x00000000d7b00000,0x00000000d8080000)
 ParOldGen       total 87552K, used 9500K [0x0000000081a00000, 0x0000000086f80000, 0x00000000d5e00000)
  object space 87552K, 10% used [0x0000000081a00000,0x00000000823472a8,0x0000000086f80000)
 Metaspace       used 15095K, capacity 15542K, committed 15872K, reserved 1062912K
  class space    used 1774K, capacity 1933K, committed 2048K, reserved 1048576K
Event: 1297.291 GC heap after
Heap after GC invocations=24 (full 0):
 PSYoungGen      total 29696K, used 288K [0x00000000d5e00000, 0x00000000d8080000, 0x0000000100000000)
  eden space 24064K, 0% used [0x00000000d5e00000,0x00000000d5e00000,0x00000000d7580000)
  from space 5632K, 5% used [0x00000000d7b00000,0x00000000d7b48020,0x00000000d8080000)
  to   space 5632K, 0% used [0x00000000d7580000,0x00000000d7580000,0x00000000d7b00000)
 ParOldGen       total 87552K, used 9628K [0x0000000081a00000, 0x0000000086f80000, 0x00000000d5e00000)
  object space 87552K, 10% used [0x0000000081a00000,0x0000000082367308,0x0000000086f80000)
 Metaspace       used 15095K, capacity 15542K, committed 15872K, reserved 1062912K
  class space    used 1774K, capacity 1933K, committed 2048K, reserved 1048576K
}
Event: 1335.471 GC heap before
{Heap before GC invocations=25 (full 0):
 PSYoungGen      total 29696K, used 24352K [0x00000000d5e00000, 0x00000000d8080000, 0x0000000100000000)
  eden space 24064K, 100% used [0x00000000d5e00000,0x00000000d7580000,0x00000000d7580000)
  from space 5632K, 5% used [0x00000000d7b00000,0x00000000d7b48020,0x00000000d8080000)
  to   space 5632K, 0% used [0x00000000d7580000,0x00000000d7580000,0x00000000d7b00000)
 ParOldGen       total 87552K, used 9628K [0x0000000081a00000, 0x0000000086f80000, 0x00000000d5e00000)
  object space 87552K, 10% used [0x0000000081a00000,0x0000000082367308,0x0000000086f80000)
 Metaspace       used 15103K, capacity 15546K, committed 15872K, reserved 1062912K
  class space    used 1774K, capacity 1933K, committed 2048K, reserved 1048576K
Event: 1335.472 GC heap after
Heap after GC invocations=25 (full 0):
 PSYoungGen      total 24576K, used 288K [0x00000000d5e00000, 0x00000000d7f80000, 0x0000000100000000)
  eden space 24064K, 0% used [0x00000000d5e00000,0x00000000d5e00000,0x00000000d7580000)
  from space 512K, 56% used [0x00000000d7580000,0x00000000d75c8010,0x00000000d7600000)
  to   space 5120K, 0% used [0x00000000d7a80000,0x00000000d7a80000,0x00000000d7f80000)
 ParOldGen       total 87552K, used 9756K [0x0000000081a00000, 0x0000000086f80000, 0x00000000d5e00000)
  object space 87552K, 11% used [0x0000000081a00000,0x0000000082387368,0x0000000086f80000)
 Metaspace       used 15103K, capacity 15546K, committed 15872K, reserved 1062912K
  class space    used 1774K, capacity 1933K, committed 2048K, reserved 1048576K
}
Event: 1391.026 GC heap before
{Heap before GC invocations=26 (full 0):
 PSYoungGen      total 24576K, used 24352K [0x00000000d5e00000, 0x00000000d7f80000, 0x0000000100000000)
  eden space 24064K, 100% used [0x00000000d5e00000,0x00000000d7580000,0x00000000d7580000)
  from space 512K, 56% used [0x00000000d7580000,0x00000000d75c8010,0x00000000d7600000)
  to   space 5120K, 0% used [0x00000000d7a80000,0x00000000d7a80000,0x00000000d7f80000)
 ParOldGen       total 87552K, used 9756K [0x0000000081a00000, 0x0000000086f80000, 0x00000000d5e00000)
  object space 87552K, 11% used [0x0000000081a00000,0x0000000082387368,0x0000000086f80000)
 Metaspace       used 15106K, capacity 15546K, committed 15872K, reserved 1062912K
  class space    used 1774K, capacity 1933K, committed 2048K, reserved 1048576K
Event: 1391.027 GC heap after
Heap after GC invocations=26 (full 0):
 PSYoungGen      total 29184K, used 320K [0x00000000d5e00000, 0x00000000d7f80000, 0x0000000100000000)
  eden space 24064K, 0% used [0x00000000d5e00000,0x00000000d5e00000,0x00000000d7580000)
  from space 5120K, 6% used [0x00000000d7a80000,0x00000000d7ad0020,0x00000000d7f80000)
  to   space 5120K, 0% used [0x00000000d7580000,0x00000000d7580000,0x00000000d7a80000)
 ParOldGen       total 87552K, used 9836K [0x0000000081a00000, 0x0000000086f80000, 0x00000000d5e00000)
  object space 87552K, 11% used [0x0000000081a00000,0x000000008239b398,0x0000000086f80000)
 Metaspace       used 15106K, capacity 15546K, committed 15872K, reserved 1062912K
  class space    used 1774K, capacity 1933K, committed 2048K, reserved 1048576K
}
Event: 1450.091 GC heap before
{Heap before GC invocations=27 (full 0):
 PSYoungGen      total 29184K, used 24384K [0x00000000d5e00000, 0x00000000d7f80000, 0x0000000100000000)
  eden space 24064K, 100% used [0x00000000d5e00000,0x00000000d7580000,0x00000000d7580000)
  from space 5120K, 6% used [0x00000000d7a80000,0x00000000d7ad0020,0x00000000d7f80000)
  to   space 5120K, 0% used [0x00000000d7580000,0x00000000d7580000,0x00000000d7a80000)
 ParOldGen       total 87552K, used 9836K [0x0000000081a00000, 0x0000000086f80000, 0x00000000d5e00000)
  object space 87552K, 11% used [0x0000000081a00000,0x000000008239b398,0x0000000086f80000)
 Metaspace       used 15125K, capacity 15546K, committed 15872K, reserved 1062912K
  class space    used 1774K, capacity 1933K, committed 2048K, reserved 1048576K
Event: 1450.092 GC heap after
Heap after GC invocations=27 (full 0):
 PSYoungGen      total 24576K, used 320K [0x00000000d5e00000, 0x00000000d7e80000, 0x0000000100000000)
  eden space 24064K, 0% used [0x00000000d5e00000,0x00000000d5e00000,0x00000000d7580000)
  from space 512K, 62% used [0x00000000d7580000,0x00000000d75d0020,0x00000000d7600000)
  to   space 4608K, 0% used [0x00000000d7a00000,0x00000000d7a00000,0x00000000d7e80000)
 ParOldGen       total 87552K, used 9980K [0x0000000081a00000, 0x0000000086f80000, 0x00000000d5e00000)
  object space 87552K, 11% used [0x0000000081a00000,0x00000000823bf3f8,0x0000000086f80000)
 Metaspace       used 15125K, capacity 15546K, committed 15872K, reserved 1062912K
  class space    used 1774K, capacity 1933K, committed 2048K, reserved 1048576K
}

